#! /usr/bin/vvp
:ivl_version "12.0 (stable)";
:ivl_delay_selection "TYPICAL";
:vpi_time_precision + 0;
:vpi_module "/usr/lib/x86_64-linux-gnu/ivl/system.vpi";
:vpi_module "/usr/lib/x86_64-linux-gnu/ivl/vhdl_sys.vpi";
:vpi_module "/usr/lib/x86_64-linux-gnu/ivl/vhdl_textio.vpi";
:vpi_module "/usr/lib/x86_64-linux-gnu/ivl/v2005_math.vpi";
:vpi_module "/usr/lib/x86_64-linux-gnu/ivl/va_math.vpi";
S_0x55ce16dca3b0 .scope module, "PC_tb" "PC_tb" 2 1;
 .timescale 0 0;
v0x55ce16df4b00_0 .var "Clk", 0 0;
v0x55ce16df4bc0_0 .var "Dest_Reg", 5 0;
v0x55ce16df4c90_0 .var "PC_Clr", 0 0;
v0x55ce16df4d90_0 .var "PC_Inc", 0 0;
v0x55ce16df4e60_0 .var "PC_Load", 0 0;
v0x55ce16df4f50_0 .net "PC_Out", 5 0, v0x55ce16df4960_0;  1 drivers
v0x55ce16df5020_0 .var/i "file", 31 0;
v0x55ce16df50c0_0 .var/i "test", 31 0;
S_0x55ce16da04f0 .scope module, "program_counter" "PC" 2 25, 3 1 0, S_0x55ce16dca3b0;
 .timescale 0 0;
    .port_info 0 /INPUT 1 "Clk";
    .port_info 1 /INPUT 1 "PC_Clr";
    .port_info 2 /INPUT 1 "PC_Load";
    .port_info 3 /INPUT 1 "PC_Inc";
    .port_info 4 /INPUT 6 "Dest_Reg";
    .port_info 5 /OUTPUT 6 "PC_Out";
v0x55ce16da0740_0 .net "Clk", 0 0, v0x55ce16df4b00_0;  1 drivers
v0x55ce16df4610_0 .net "Dest_Reg", 5 0, v0x55ce16df4bc0_0;  1 drivers
v0x55ce16df46f0_0 .net "PC_Clr", 0 0, v0x55ce16df4c90_0;  1 drivers
v0x55ce16df4790_0 .net "PC_Inc", 0 0, v0x55ce16df4d90_0;  1 drivers
v0x55ce16df4850_0 .net "PC_Load", 0 0, v0x55ce16df4e60_0;  1 drivers
v0x55ce16df4960_0 .var "PC_Out", 5 0;
E_0x55ce16dcba60 .event posedge, v0x55ce16da0740_0;
    .scope S_0x55ce16da04f0;
T_0 ;
    %wait E_0x55ce16dcba60;
    %load/vec4 v0x55ce16df46f0_0;
    %flag_set/vec4 8;
    %jmp/0xz  T_0.0, 8;
    %pushi/vec4 0, 0, 6;
    %assign/vec4 v0x55ce16df4960_0, 0;
    %jmp T_0.1;
T_0.0 ;
    %load/vec4 v0x55ce16df4850_0;
    %flag_set/vec4 8;
    %jmp/0xz  T_0.2, 8;
    %load/vec4 v0x55ce16df4610_0;
    %assign/vec4 v0x55ce16df4960_0, 0;
    %jmp T_0.3;
T_0.2 ;
    %load/vec4 v0x55ce16df4790_0;
    %flag_set/vec4 8;
    %jmp/0xz  T_0.4, 8;
    %load/vec4 v0x55ce16df4960_0;
    %addi 1, 0, 6;
    %assign/vec4 v0x55ce16df4960_0, 0;
    %jmp T_0.5;
T_0.4 ;
    %load/vec4 v0x55ce16df4960_0;
    %assign/vec4 v0x55ce16df4960_0, 0;
T_0.5 ;
T_0.3 ;
T_0.1 ;
    %jmp T_0;
    .thread T_0;
    .scope S_0x55ce16dca3b0;
T_1 ;
    %pushi/vec4 0, 0, 1;
    %store/vec4 v0x55ce16df4b00_0, 0, 1;
    %pushi/vec4 1, 0, 1;
    %store/vec4 v0x55ce16df4c90_0, 0, 1;
    %pushi/vec4 0, 0, 1;
    %store/vec4 v0x55ce16df4e60_0, 0, 1;
    %pushi/vec4 0, 0, 1;
    %store/vec4 v0x55ce16df4d90_0, 0, 1;
    %pushi/vec4 0, 0, 6;
    %store/vec4 v0x55ce16df4bc0_0, 0, 6;
    %end;
    .thread T_1;
    .scope S_0x55ce16dca3b0;
T_2 ;
    %delay 5, 0;
    %load/vec4 v0x55ce16df4b00_0;
    %inv;
    %store/vec4 v0x55ce16df4b00_0, 0, 1;
    %jmp T_2;
    .thread T_2;
    .scope S_0x55ce16dca3b0;
T_3 ;
    %vpi_call 2 35 "$dumpfile", "Junk/PC.vcd" {0 0 0};
    %vpi_call 2 36 "$dumpvars", 32'sb00000000000000000000000000000000, S_0x55ce16dca3b0 {0 0 0};
    %vpi_func 2 37 "$fopen" 32, "Results/PC.txt", "w" {0 0 0};
    %store/vec4 v0x55ce16df5020_0, 0, 32;
    %pushi/vec4 0, 0, 32;
    %store/vec4 v0x55ce16df50c0_0, 0, 32;
T_3.0 ;
    %load/vec4 v0x55ce16df50c0_0;
    %cmpi/s 64, 0, 32;
    %jmp/0xz T_3.1, 5;
    %delay 10, 0;
    %vpi_func 2 40 "$urandom" 32 {0 0 0};
    %pushi/vec4 2, 0, 32;
    %mod;
    %pad/u 1;
    %store/vec4 v0x55ce16df4c90_0, 0, 1;
    %vpi_func 2 41 "$urandom" 32 {0 0 0};
    %pushi/vec4 2, 0, 32;
    %mod;
    %pad/u 1;
    %store/vec4 v0x55ce16df4e60_0, 0, 1;
    %vpi_func 2 42 "$urandom" 32 {0 0 0};
    %pushi/vec4 2, 0, 32;
    %mod;
    %pad/u 1;
    %store/vec4 v0x55ce16df4d90_0, 0, 1;
    %vpi_func 2 43 "$urandom" 32 {0 0 0};
    %pushi/vec4 65, 0, 32;
    %mod;
    %addi 0, 0, 32;
    %pad/u 6;
    %store/vec4 v0x55ce16df4bc0_0, 0, 6;
    %vpi_call 2 44 "$fwrite", v0x55ce16df5020_0, "Test = %d", v0x55ce16df50c0_0 {0 0 0};
    %vpi_call 2 45 "$fwrite", v0x55ce16df5020_0, "\011PC_Clr = %b", v0x55ce16df4c90_0 {0 0 0};
    %vpi_call 2 46 "$fwrite", v0x55ce16df5020_0, "\011PC_Load = %b", v0x55ce16df4e60_0 {0 0 0};
    %vpi_call 2 47 "$fwrite", v0x55ce16df5020_0, "\011PC_Inc = %b", v0x55ce16df4d90_0 {0 0 0};
    %vpi_call 2 48 "$fwrite", v0x55ce16df5020_0, "\011Dest_Reg = %d", v0x55ce16df4bc0_0 {0 0 0};
    %vpi_call 2 49 "$fwrite", v0x55ce16df5020_0, "\011PC_Out = %d\012\012", v0x55ce16df4f50_0 {0 0 0};
    %delay 10, 0;
    %load/vec4 v0x55ce16df50c0_0;
    %addi 1, 0, 32;
    %store/vec4 v0x55ce16df50c0_0, 0, 32;
    %jmp T_3.0;
T_3.1 ;
    %delay 1280, 0;
    %vpi_call 2 53 "$fclose", v0x55ce16df5020_0 {0 0 0};
    %vpi_call 2 54 "$finish" {0 0 0};
    %vpi_call 2 55 "$stop" {0 0 0};
    %end;
    .thread T_3;
# The file index is used to find the file name in the following table.
:file_names 4;
    "N/A";
    "<interactive>";
    "Testbenches/PC_tb.v";
    "Modules/PC.v";
